0 info it worked if it ends with ok
1 verbose cli [ 'C:\\Program Files\\nodejs\\node.exe',
1 verbose cli   'C:\\Program Files\\nodejs\\node_modules\\npm\\bin\\npm-cli.js',
1 verbose cli   'install',
1 verbose cli   '--save',
1 verbose cli   '--save-exact',
1 verbose cli   'pg' ]
2 info using npm@2.15.9
3 info using node@v4.6.0
4 verbose install initial load of C:\Users\brian.williams\Documents\GitHub\QXLGuide\package.json
5 verbose readDependencies loading dependencies from C:\Users\brian.williams\Documents\GitHub\QXLGuide\package.json
6 silly cache add args [ 'pg@^9.5.4', null ]
7 verbose cache add spec pg@^9.5.4
8 silly cache add parsed spec Result {
8 silly cache add   raw: 'pg@^9.5.4',
8 silly cache add   scope: null,
8 silly cache add   name: 'pg',
8 silly cache add   rawSpec: '^9.5.4',
8 silly cache add   spec: '>=9.5.4 <10.0.0',
8 silly cache add   type: 'range' }
9 silly addNamed pg@>=9.5.4 <10.0.0
10 verbose addNamed ">=9.5.4 <10.0.0" is a valid semver range for pg
11 silly addNameRange { name: 'pg', range: '>=9.5.4 <10.0.0', hasData: false }
12 silly mapToRegistry name pg
13 silly mapToRegistry using default registry
14 silly mapToRegistry registry https://registry.npmjs.org/
15 silly mapToRegistry data Result {
15 silly mapToRegistry   raw: 'pg',
15 silly mapToRegistry   scope: null,
15 silly mapToRegistry   name: 'pg',
15 silly mapToRegistry   rawSpec: '',
15 silly mapToRegistry   spec: 'latest',
15 silly mapToRegistry   type: 'tag' }
16 silly mapToRegistry uri https://registry.npmjs.org/pg
17 verbose addNameRange registry:https://registry.npmjs.org/pg not in flight; fetching
18 verbose request uri https://registry.npmjs.org/pg
19 verbose request no auth needed
20 info attempt registry request try #1 at 1:50:09 PM
21 verbose request id ff609e958623ba8c
22 http request GET https://registry.npmjs.org/pg
23 http 200 https://registry.npmjs.org/pg
24 verbose headers { server: 'nginx/1.10.1',
24 verbose headers   'content-type': 'application/json',
24 verbose headers   'last-modified': 'Wed, 23 Nov 2016 12:46:22 GMT',
24 verbose headers   etag: 'W/"58358f9e-2a41f"',
24 verbose headers   'content-encoding': 'gzip',
24 verbose headers   'cache-control': 'max-age=300',
24 verbose headers   'content-length': '18212',
24 verbose headers   'accept-ranges': 'bytes',
24 verbose headers   date: 'Fri, 25 Nov 2016 18:50:09 GMT',
24 verbose headers   via: '1.1 varnish',
24 verbose headers   age: '241',
24 verbose headers   connection: 'keep-alive',
24 verbose headers   'x-served-by': 'cache-iad2642-IAD',
24 verbose headers   'x-cache': 'HIT',
24 verbose headers   'x-cache-hits': '9',
24 verbose headers   'x-timer': 'S1480099809.317118,VS0,VE0',
24 verbose headers   vary: 'Accept-Encoding' }
25 silly get cb [ 200,
25 silly get   { server: 'nginx/1.10.1',
25 silly get     'content-type': 'application/json',
25 silly get     'last-modified': 'Wed, 23 Nov 2016 12:46:22 GMT',
25 silly get     etag: 'W/"58358f9e-2a41f"',
25 silly get     'content-encoding': 'gzip',
25 silly get     'cache-control': 'max-age=300',
25 silly get     'content-length': '18212',
25 silly get     'accept-ranges': 'bytes',
25 silly get     date: 'Fri, 25 Nov 2016 18:50:09 GMT',
25 silly get     via: '1.1 varnish',
25 silly get     age: '241',
25 silly get     connection: 'keep-alive',
25 silly get     'x-served-by': 'cache-iad2642-IAD',
25 silly get     'x-cache': 'HIT',
25 silly get     'x-cache-hits': '9',
25 silly get     'x-timer': 'S1480099809.317118,VS0,VE0',
25 silly get     vary: 'Accept-Encoding' } ]
26 verbose get saving pg to C:\Users\brian.williams\AppData\Roaming\npm-cache\registry.npmjs.org\pg\.cache.json
27 verbose correctMkdir C:\Users\brian.williams\AppData\Roaming\npm-cache correctMkdir not in flight; initializing
28 silly addNameRange number 2 { name: 'pg', range: '>=9.5.4 <10.0.0', hasData: true }
29 silly addNameRange versions [ 'pg',
29 silly addNameRange   [ '0.4.1',
29 silly addNameRange     '0.5.0',
29 silly addNameRange     '0.5.1',
29 silly addNameRange     '0.5.2',
29 silly addNameRange     '0.5.3',
29 silly addNameRange     '0.5.4',
29 silly addNameRange     '0.5.5',
29 silly addNameRange     '0.5.6',
29 silly addNameRange     '0.5.7',
29 silly addNameRange     '0.5.8',
29 silly addNameRange     '0.6.0',
29 silly addNameRange     '0.6.1',
29 silly addNameRange     '0.6.2',
29 silly addNameRange     '0.6.3',
29 silly addNameRange     '0.6.4',
29 silly addNameRange     '0.6.5',
29 silly addNameRange     '0.6.6',
29 silly addNameRange     '0.6.7',
29 silly addNameRange     '0.6.8',
29 silly addNameRange     '0.6.9',
29 silly addNameRange     '0.6.10',
29 silly addNameRange     '0.6.11',
29 silly addNameRange     '0.6.12',
29 silly addNameRange     '0.6.13',
29 silly addNameRange     '0.6.14',
29 silly addNameRange     '0.6.15',
29 silly addNameRange     '0.6.16',
29 silly addNameRange     '0.6.17',
29 silly addNameRange     '0.6.18',
29 silly addNameRange     '0.7.0',
29 silly addNameRange     '0.7.1',
29 silly addNameRange     '0.7.2',
29 silly addNameRange     '0.8.0',
29 silly addNameRange     '0.8.1',
29 silly addNameRange     '0.8.2',
29 silly addNameRange     '0.8.3',
29 silly addNameRange     '0.8.4',
29 silly addNameRange     '0.8.6',
29 silly addNameRange     '0.8.7',
29 silly addNameRange     '0.8.8',
29 silly addNameRange     '0.9.0',
29 silly addNameRange     '0.10.0',
29 silly addNameRange     '0.10.2',
29 silly addNameRange     '0.11.1',
29 silly addNameRange     '0.11.2',
29 silly addNameRange     '0.11.3',
29 silly addNameRange     '0.12.0',
29 silly addNameRange     '0.12.1',
29 silly addNameRange     '0.12.3',
29 silly addNameRange     '0.13.0',
29 silly addNameRange     '0.13.1',
29 silly addNameRange     '0.13.3',
29 silly addNameRange     '0.14.0',
29 silly addNameRange     '0.14.1',
29 silly addNameRange     '0.15.0',
29 silly addNameRange     '0.15.1',
29 silly addNameRange     '1.0.0',
29 silly addNameRange     '1.0.1',
29 silly addNameRange     '1.0.2',
29 silly addNameRange     '1.0.3',
29 silly addNameRange     '1.0.4',
29 silly addNameRange     '1.1.0',
29 silly addNameRange     '1.1.1',
29 silly addNameRange     '1.1.2',
29 silly addNameRange     '1.1.3',
29 silly addNameRange     '1.2.0',
29 silly addNameRange     '1.3.0',
29 silly addNameRange     '2.0.0',
29 silly addNameRange     '2.1.0',
29 silly addNameRange     '2.2.0',
29 silly addNameRange     '2.3.0',
29 silly addNameRange     '2.3.1',
29 silly addNameRange     '2.4.0',
29 silly addNameRange     '2.5.0',
29 silly addNameRange     '2.5.1',
29 silly addNameRange     '2.6.0',
29 silly addNameRange     '2.6.1',
29 silly addNameRange     '2.6.2',
29 silly addNameRange     '2.7.0',
29 silly addNameRange     '2.8.0',
29 silly addNameRange     '2.8.1',
29 silly addNameRange     '2.8.2',
29 silly addNameRange     '2.8.3',
29 silly addNameRange     '2.8.4',
29 silly addNameRange     '2.8.5',
29 silly addNameRange     '2.9.0',
29 silly addNameRange     '2.10.0',
29 silly addNameRange     '2.11.0',
29 silly addNameRange     '2.11.1',
29 silly addNameRange     '3.0.2',
29 silly addNameRange     '3.0.3',
29 silly addNameRange     '3.1.0',
29 silly addNameRange     '3.2.0',
29 silly addNameRange     '3.3.0',
29 silly addNameRange     '3.4.0',
29 silly addNameRange     '3.4.1',
29 silly addNameRange     '3.4.2',
29 silly addNameRange     '3.4.3',
29 silly addNameRange     '3.4.4',
29 silly addNameRange     '3.4.5',
29 silly addNameRange     '3.5.0',
29 silly addNameRange     '3.6.0',
29 silly addNameRange     '4.0.0-beta2',
29 silly addNameRange     '3.6.1',
29 silly addNameRange     '3.6.2',
29 silly addNameRange     '3.6.3',
29 silly addNameRange     '4.0.0',
29 silly addNameRange     '4.1.0',
29 silly addNameRange     '4.1.1',
29 silly addNameRange     '4.2.0',
29 silly addNameRange     '4.3.0',
29 silly addNameRange     '4.4.0',
29 silly addNameRange     '4.4.1',
29 silly addNameRange     '4.4.2',
29 silly addNameRange     '4.4.3',
29 silly addNameRange     '4.4.4',
29 silly addNameRange     '4.4.5',
29 silly addNameRange     '4.4.6',
29 silly addNameRange     '4.5.0',
29 silly addNameRange     '4.5.1',
29 silly addNameRange     '4.5.2',
29 silly addNameRange     '4.5.3',
29 silly addNameRange     '4.5.4',
29 silly addNameRange     '4.5.5',
29 silly addNameRange     '4.5.6',
29 silly addNameRange     '5.0.0',
29 silly addNameRange     '5.1.0',
29 silly addNameRange     '6.0.0',
29 silly addNameRange     '6.0.1',
29 silly addNameRange     '6.0.2',
29 silly addNameRange     '6.0.3',
29 silly addNameRange     '6.0.4',
29 silly addNameRange     '6.1.0' ] ]
30 verbose stack Error: No compatible version found: pg@'>=9.5.4 <10.0.0'
30 verbose stack Valid install targets:
30 verbose stack ["0.4.1","0.5.0","0.5.1","0.5.2","0.5.3","0.5.4","0.5.5","0.5.6","0.5.7","0.5.8","0.6.0","0.6.1","0.6.2","0.6.3","0.6.4","0.6.5","0.6.6","0.6.7","0.6.8","0.6.9","0.6.10","0.6.11","0.6.12","0.6.13","0.6.14","0.6.15","0.6.16","0.6.17","0.6.18","0.7.0","0.7.1","0.7.2","0.8.0","0.8.1","0.8.2","0.8.3","0.8.4","0.8.6","0.8.7","0.8.8","0.9.0","0.10.0","0.10.2","0.11.1","0.11.2","0.11.3","0.12.0","0.12.1","0.12.3","0.13.0","0.13.1","0.13.3","0.14.0","0.14.1","0.15.0","0.15.1","1.0.0","1.0.1","1.0.2","1.0.3","1.0.4","1.1.0","1.1.1","1.1.2","1.1.3","1.2.0","1.3.0","2.0.0","2.1.0","2.2.0","2.3.0","2.3.1","2.4.0","2.5.0","2.5.1","2.6.0","2.6.1","2.6.2","2.7.0","2.8.0","2.8.1","2.8.2","2.8.3","2.8.4","2.8.5","2.9.0","2.10.0","2.11.0","2.11.1","3.0.2","3.0.3","3.1.0","3.2.0","3.3.0","3.4.0","3.4.1","3.4.2","3.4.3","3.4.4","3.4.5","3.5.0","3.6.0","4.0.0-beta2","3.6.1","3.6.2","3.6.3","4.0.0","4.1.0","4.1.1","4.2.0","4.3.0","4.4.0","4.4.1","4.4.2","4.4.3","4.4.4","4.4.5","4.4.6","4.5.0","4.5.1","4.5.2","4.5.3","4.5.4","4.5.5","4.5.6","5.0.0","5.1.0","6.0.0","6.0.1","6.0.2","6.0.3","6.0.4","6.1.0"]
30 verbose stack
30 verbose stack     at installTargetsError (C:\Program Files\nodejs\node_modules\npm\lib\cache\add-named.js:284:12)
30 verbose stack     at next (C:\Program Files\nodejs\node_modules\npm\lib\cache\add-named.js:262:19)
30 verbose stack     at setData (C:\Program Files\nodejs\node_modules\npm\lib\cache\add-named.js:236:5)
30 verbose stack     at RES (C:\Program Files\nodejs\node_modules\npm\node_modules\inflight\inflight.js:23:14)
30 verbose stack     at f (C:\Program Files\nodejs\node_modules\npm\node_modules\once\once.js:17:25)
30 verbose stack     at fixName (C:\Program Files\nodejs\node_modules\npm\lib\cache\add-named.js:29:5)
30 verbose stack     at saved (C:\Program Files\nodejs\node_modules\npm\lib\cache\caching-client.js:173:7)
30 verbose stack     at C:\Program Files\nodejs\node_modules\npm\node_modules\graceful-fs\polyfills.js:210:7
30 verbose stack     at FSReqWrap.oncomplete (fs.js:82:15)
31 verbose cwd C:\Users\brian.williams\Documents\GitHub\QXLGuide
32 error Windows_NT 6.3.9600
33 error argv "C:\\Program Files\\nodejs\\node.exe" "C:\\Program Files\\nodejs\\node_modules\\npm\\bin\\npm-cli.js" "install" "--save" "--save-exact" "pg"
34 error node v4.6.0
35 error npm  v2.15.9
36 error code ETARGET
37 error notarget No compatible version found: pg@'>=9.5.4 <10.0.0'
37 error notarget Valid install targets:
37 error notarget ["0.4.1","0.5.0","0.5.1","0.5.2","0.5.3","0.5.4","0.5.5","0.5.6","0.5.7","0.5.8","0.6.0","0.6.1","0.6.2","0.6.3","0.6.4","0.6.5","0.6.6","0.6.7","0.6.8","0.6.9","0.6.10","0.6.11","0.6.12","0.6.13","0.6.14","0.6.15","0.6.16","0.6.17","0.6.18","0.7.0","0.7.1","0.7.2","0.8.0","0.8.1","0.8.2","0.8.3","0.8.4","0.8.6","0.8.7","0.8.8","0.9.0","0.10.0","0.10.2","0.11.1","0.11.2","0.11.3","0.12.0","0.12.1","0.12.3","0.13.0","0.13.1","0.13.3","0.14.0","0.14.1","0.15.0","0.15.1","1.0.0","1.0.1","1.0.2","1.0.3","1.0.4","1.1.0","1.1.1","1.1.2","1.1.3","1.2.0","1.3.0","2.0.0","2.1.0","2.2.0","2.3.0","2.3.1","2.4.0","2.5.0","2.5.1","2.6.0","2.6.1","2.6.2","2.7.0","2.8.0","2.8.1","2.8.2","2.8.3","2.8.4","2.8.5","2.9.0","2.10.0","2.11.0","2.11.1","3.0.2","3.0.3","3.1.0","3.2.0","3.3.0","3.4.0","3.4.1","3.4.2","3.4.3","3.4.4","3.4.5","3.5.0","3.6.0","4.0.0-beta2","3.6.1","3.6.2","3.6.3","4.0.0","4.1.0","4.1.1","4.2.0","4.3.0","4.4.0","4.4.1","4.4.2","4.4.3","4.4.4","4.4.5","4.4.6","4.5.0","4.5.1","4.5.2","4.5.3","4.5.4","4.5.5","4.5.6","5.0.0","5.1.0","6.0.0","6.0.1","6.0.2","6.0.3","6.0.4","6.1.0"]
37 error notarget
37 error notarget This is most likely not a problem with npm itself.
37 error notarget In most cases you or one of your dependencies are requesting
37 error notarget a package version that doesn't exist.
37 error notarget
37 error notarget It was specified as a dependency of 'api-ai-facebook'
38 verbose exit [ 1, true ]
